<?xml version="1.0" encoding="UTF-8"?>
<!-- Generated by org.testng.reporters.JUnitReportReporter -->
<testsuite hostname="DESKTOP-N727QKO" failures="0" tests="1" name="testlink.TestLinkIntegration" time="23.062" errors="1" timestamp="05 Nov 2020 08:10:42 GMT" skipped="0">
  <testcase classname="testlink.TestLinkIntegration" name="TestOne" time="23.062">
    <error message="The call to the xml-rpc client failed." type="testlink.api.java.client.TestLinkAPIException">
      <![CDATA[testlink.api.java.client.TestLinkAPIException: The call to the xml-rpc client failed.
at testlink.api.java.client.TestLinkAPIClient.executeXmlRpcMethod(TestLinkAPIClient.java:1266)
at testlink.api.java.client.TestLinkAPIClient.execXmlRpcMethodWithCache(TestLinkAPIClient.java:1195)
at testlink.api.java.client.TestLinkAPIClient.getProjects(TestLinkAPIClient.java:726)
at testlink.api.java.client.TestLinkAPIHelper.getProjectInfo(TestLinkAPIHelper.java:64)
at testlink.api.java.client.TestLinkAPIHelper.getProjectID(TestLinkAPIHelper.java:48)
at testlink.api.java.client.TestLinkAPIClient.reportTestCaseResult(TestLinkAPIClient.java:184)
at testlink.TestLinkIntegration.updateResults(TestLinkIntegration.java:48)
at testlink.TestLinkIntegration.TestOne(TestLinkIntegration.java:41)
at java.base/jdk.internal.reflect.NativeMethodAccessorImpl.invoke0(Native Method)
at java.base/jdk.internal.reflect.NativeMethodAccessorImpl.invoke(NativeMethodAccessorImpl.java:62)
at java.base/jdk.internal.reflect.DelegatingMethodAccessorImpl.invoke(DelegatingMethodAccessorImpl.java:43)
at java.base/java.lang.reflect.Method.invoke(Method.java:564)
at org.testng.internal.MethodInvocationHelper.invokeMethod(MethodInvocationHelper.java:124)
at org.testng.internal.Invoker.invokeMethod(Invoker.java:583)
at org.testng.internal.Invoker.invokeTestMethod(Invoker.java:719)
at org.testng.internal.Invoker.invokeTestMethods(Invoker.java:989)
at org.testng.internal.TestMethodWorker.invokeTestMethods(TestMethodWorker.java:125)
at org.testng.internal.TestMethodWorker.run(TestMethodWorker.java:109)
at org.testng.TestRunner.privateRun(TestRunner.java:648)
at org.testng.TestRunner.run(TestRunner.java:505)
at org.testng.SuiteRunner.runTest(SuiteRunner.java:455)
at org.testng.SuiteRunner.runSequentially(SuiteRunner.java:450)
at org.testng.SuiteRunner.privateRun(SuiteRunner.java:415)
at org.testng.SuiteRunner.run(SuiteRunner.java:364)
at org.testng.SuiteRunnerWorker.runSuite(SuiteRunnerWorker.java:52)
at org.testng.SuiteRunnerWorker.run(SuiteRunnerWorker.java:84)
at org.testng.TestNG.runSuitesSequentially(TestNG.java:1208)
at org.testng.TestNG.runSuitesLocally(TestNG.java:1137)
at org.testng.TestNG.runSuites(TestNG.java:1049)
at org.testng.TestNG.run(TestNG.java:1017)
at org.testng.remote.AbstractRemoteTestNG.run(AbstractRemoteTestNG.java:115)
at org.testng.remote.RemoteTestNG.initAndRun(RemoteTestNG.java:251)
at org.testng.remote.RemoteTestNG.main(RemoteTestNG.java:77)
Caused by: org.apache.xmlrpc.XmlRpcException: Failed to read servers response: Connection refused: connect
at org.apache.xmlrpc.client.XmlRpcStreamTransport.sendRequest(XmlRpcStreamTransport.java:150)
at org.apache.xmlrpc.client.XmlRpcHttpTransport.sendRequest(XmlRpcHttpTransport.java:94)
at org.apache.xmlrpc.client.XmlRpcSunHttpTransport.sendRequest(XmlRpcSunHttpTransport.java:44)
at org.apache.xmlrpc.client.XmlRpcClientWorker.execute(XmlRpcClientWorker.java:53)
at org.apache.xmlrpc.client.XmlRpcClient.execute(XmlRpcClient.java:166)
at org.apache.xmlrpc.client.XmlRpcClient.execute(XmlRpcClient.java:157)
at org.apache.xmlrpc.client.XmlRpcClient.execute(XmlRpcClient.java:146)
at testlink.api.java.client.TestLinkAPIClient.executeXmlRpcMethod(TestLinkAPIClient.java:1232)
... 32 more
Caused by: java.net.ConnectException: Connection refused: connect
at java.base/sun.nio.ch.Net.connect0(Native Method)
at java.base/sun.nio.ch.Net.connect(Net.java:503)
at java.base/sun.nio.ch.Net.connect(Net.java:492)
at java.base/sun.nio.ch.NioSocketImpl.connect(NioSocketImpl.java:588)
at java.base/java.net.Socket.connect(Socket.java:648)
at java.base/java.net.Socket.connect(Socket.java:597)
at java.base/sun.net.NetworkClient.doConnect(NetworkClient.java:182)
at java.base/sun.net.www.http.HttpClient.openServer(HttpClient.java:474)
at java.base/sun.net.www.http.HttpClient.openServer(HttpClient.java:569)
at java.base/sun.net.www.http.HttpClient.<init>(HttpClient.java:242)
at java.base/sun.net.www.http.HttpClient.New(HttpClient.java:341)
at java.base/sun.net.www.http.HttpClient.New(HttpClient.java:362)
at java.base/sun.net.www.protocol.http.HttpURLConnection.getNewHttpClient(HttpURLConnection.java:1256)
at java.base/sun.net.www.protocol.http.HttpURLConnection.plainConnect0(HttpURLConnection.java:1194)
at java.base/sun.net.www.protocol.http.HttpURLConnection.plainConnect(HttpURLConnection.java:1082)
at java.base/sun.net.www.protocol.http.HttpURLConnection.connect(HttpURLConnection.java:1016)
at java.base/sun.net.www.protocol.http.HttpURLConnection.getOutputStream0(HttpURLConnection.java:1370)
at java.base/sun.net.www.protocol.http.HttpURLConnection.getOutputStream(HttpURLConnection.java:1345)
at org.apache.xmlrpc.client.XmlRpcSunHttpTransport.writeRequest(XmlRpcSunHttpTransport.java:70)
at org.apache.xmlrpc.client.XmlRpcStreamTransport.sendRequest(XmlRpcStreamTransport.java:140)
... 39 more
]]>
    </error>
  </testcase> <!-- TestOne -->
</testsuite> <!-- testlink.TestLinkIntegration -->
