<?xml version="1.0" encoding="UTF-8"?>
<!-- Generated by org.testng.reporters.JUnitReportReporter -->
<testsuite hostname="DESKTOP-N727QKO" failures="0" tests="1" name="testlink.Login_scenario" time="36.826" errors="0" timestamp="09 Nov 2020 05:11:33 GMT" skipped="0">
  <testcase classname="testlink.Login_scenario" name="TestOne" time="36.826"/>
</testsuite> <!-- testlink.Login_scenario -->
